<?xml version="1.0" encoding="UTF-8"?>
<!-- Generated by org.testng.reporters.JUnitReportReporter -->
<testsuite skipped="0" hostname="DESKTOP-82D4MVP" name="testRunner.TestRunner" tests="2" failures="0" timestamp="2020-05-04T17:49:34 IST" time="52.909" errors="0">
  <testcase name="runScenario" time="26.207" classname="testRunner.TestRunner"/>
  <system-out/>
  <testcase name="runScenario" time="26.702" classname="testRunner.TestRunner"/>
  <system-out/>
</testsuite> <!-- testRunner.TestRunner -->
